{"record_id": "E001", "synthetic": true, "timestamp": "2026-10-07T00:04:50Z", "event_type": "dns", "data_source": "synthetic/network-summary", "src_ip": "192.0.2.10", "dst_ip": "192.0.2.53", "query": "files.example.test", "answers": ["192.0.2.20"]}
{"record_id": "E002", "synthetic": true, "timestamp": "2026-10-07T00:05:00Z", "event_type": "conn", "data_source": "synthetic/network-summary", "src_ip": "192.0.2.10", "dst_ip": "192.0.2.20", "src_port": 51000, "dst_port": 445, "proto": "tcp", "service": "smb", "duration": 15}
{"record_id": "E003", "synthetic": true, "timestamp": "2026-10-07T00:05:01Z", "event_type": "windows_event", "data_source": "synthetic/windows-security", "ComputerName": "LAB-DC01", "Provider": "Microsoft-Windows-Security-Auditing", "Channel": "Security", "EventCode": 4776, "TargetUserName": "lab-operator", "Workstation": "LAB-CLIENT01", "Status": "0x0"}
{"record_id": "E004", "synthetic": true, "timestamp": "2026-10-07T00:05:02Z", "event_type": "windows_event", "data_source": "synthetic/windows-security", "ComputerName": "LAB-FS01", "Provider": "Microsoft-Windows-Security-Auditing", "Channel": "Security", "EventCode": 4624, "TargetUserName": "lab-operator", "TargetDomainName": "LAB", "LogonType": 3, "AuthenticationPackageName": "NTLM", "IpAddress": "192.0.2.10", "TargetLogonId": "0x5001"}
{"record_id": "E005", "synthetic": true, "timestamp": "2026-10-07T00:06:00Z", "event_type": "windows_event", "data_source": "synthetic/windows-security", "ComputerName": "LAB-FS01", "Provider": "Microsoft-Windows-Security-Auditing", "Channel": "Security", "EventCode": 4698, "SubjectUserName": "lab-operator", "SubjectLogonId": "0x5001", "TaskName": "\\DFIR-Lab-Observe", "TaskContent": "<Task><Principals><Principal><UserId>LAB\\lab-operator</UserId><RunLevel>LeastPrivilege</RunLevel></Principal></Principals><Triggers/><Actions><Exec><Command>powershell.exe</Command><Arguments>-NoProfile -Command \"Get-Date -Format o\"</Arguments></Exec></Actions></Task>"}
{"record_id": "E006", "synthetic": true, "timestamp": "2026-10-07T00:06:05Z", "event_type": "windows_event", "data_source": "synthetic/windows-security", "ComputerName": "LAB-FS01", "Provider": "Microsoft-Windows-Security-Auditing", "Channel": "Security", "EventCode": 4688, "SubjectUserName": "lab-operator", "SubjectLogonId": "0x5001", "NewProcessId": "0x900", "NewProcessName": "C:\\Windows\\System32\\WindowsPowerShell\\v1.0\\powershell.exe", "CommandLine": "powershell.exe -NoProfile -Command \"Get-Date -Format o\""}
{"record_id": "E007", "synthetic": true, "timestamp": "2026-10-07T00:07:00Z", "event_type": "windows_event", "data_source": "synthetic/windows-security", "ComputerName": "LAB-FS01", "Provider": "Microsoft-Windows-Security-Auditing", "Channel": "Security", "EventCode": 4702, "SubjectUserName": "lab-operator", "SubjectLogonId": "0x5001", "TaskName": "\\DFIR-Lab-Observe", "TaskContent": "<Task><RegistrationInfo><Description>Training observation</Description></RegistrationInfo><Principals><Principal><UserId>LAB\\lab-operator</UserId><RunLevel>LeastPrivilege</RunLevel></Principal></Principals><Triggers/><Actions><Exec><Command>powershell.exe</Command><Arguments>-NoProfile -Command \"Get-Date -Format o\"</Arguments></Exec></Actions></Task>"}
{"record_id": "E008", "synthetic": true, "timestamp": "2026-10-07T00:07:30Z", "event_type": "conn", "data_source": "synthetic/network-summary", "src_ip": "192.0.2.20", "dst_ip": "198.51.100.50", "src_port": 52000, "dst_port": 443, "proto": "tcp", "service": "tls", "orig_bytes": 2048, "resp_bytes": 4096}
{"record_id": "E009", "synthetic": true, "timestamp": "2026-10-07T00:08:00Z", "event_type": "http", "data_source": "synthetic/network-summary", "src_ip": "192.0.2.10", "dst_ip": "198.51.100.80", "method": "GET", "http_host": "training.example.test", "uri": "/guide", "status_code": 200}
{"record_id": "E010", "synthetic": true, "timestamp": "2026-10-07T00:09:00Z", "event_type": "windows_event", "data_source": "synthetic/windows-security", "ComputerName": "LAB-DC01", "Provider": "Microsoft-Windows-Security-Auditing", "Channel": "Security", "EventCode": 4776, "TargetUserName": "lab-guest", "Workstation": "LAB-OTHER", "Status": "0xc000006a"}
{"record_id": "E011", "synthetic": true, "timestamp": "2026-10-07T00:09:01Z", "event_type": "windows_event", "data_source": "synthetic/windows-security", "ComputerName": "LAB-FS01", "Provider": "Microsoft-Windows-Security-Auditing", "Channel": "Security", "EventCode": 4625, "TargetUserName": "lab-guest", "TargetDomainName": "LAB", "LogonType": 3, "AuthenticationPackageName": "NTLM", "IpAddress": "192.0.2.99", "Status": "0xc000006d", "SubStatus": "0xc000006a"}
{"record_id": "E012", "synthetic": true, "timestamp": "2026-10-07T00:10:00Z", "event_type": "windows_event", "data_source": "synthetic/windows-security", "ComputerName": "LAB-FS01", "Provider": "Microsoft-Windows-Security-Auditing", "Channel": "Security", "EventCode": 4699, "SubjectUserName": "lab-operator", "SubjectLogonId": "0x5001", "TaskName": "\\DFIR-Lab-Observe"}
